<?xml version="1.0" encoding="UTF-8" ?>
<testsuite tests="26" failures="1" name="TestSuite" time="0.887" errors="0" skipped="25">
  <properties>
[...]
</properties>
  <testcase classname="tests.ios.AppiumiOSTest" name="setupClassGlobal" time="0.436">
    <failure message="
Can inject only one of &lt;ITestContext, XmlTest&gt; into a @BeforeClass annotated setupClassGlobal.
For more information on native dependency injection please refer to http://testng.org/doc/documentation-main.html#native-dependency-injection" type="org.testng.TestNGException">org.testng.TestNGException: 
Can inject only one of &lt;ITestContext, XmlTest&gt; into a @BeforeClass annotated setupClassGlobal.
For more information on native dependency injection please refer to http://testng.org/doc/documentation-main.html#native-dependency-injection
	at org.testng.internal.Parameters.checkParameterTypes(Parameters.java:441)
	at org.testng.internal.Parameters.createParametersForMethod(Parameters.java:355)
	at org.testng.internal.Parameters.createParameters(Parameters.java:712)
	at org.testng.internal.Parameters.createConfigurationParameters(Parameters.java:166)
	at org.testng.internal.ConfigInvoker.invokeConfigurations(ConfigInvoker.java:283)
	at org.testng.internal.TestMethodWorker.invokeBeforeClassMethods(TestMethodWorker.java:176)
	at org.testng.internal.TestMethodWorker.run(TestMethodWorker.java:122)
	at java.util.ArrayList.forEach(ArrayList.java:1259)
	at org.testng.TestRunner.privateRun(TestRunner.java:766)
	at org.testng.TestRunner.run(TestRunner.java:587)
	at org.testng.SuiteRunner.runTest(SuiteRunner.java:384)
	at org.testng.SuiteRunner.runSequentially(SuiteRunner.java:378)
	at org.testng.SuiteRunner.privateRun(SuiteRunner.java:337)
	at org.testng.SuiteRunner.run(SuiteRunner.java:286)
	at org.testng.SuiteRunnerWorker.runSuite(SuiteRunnerWorker.java:53)
	at org.testng.SuiteRunnerWorker.run(SuiteRunnerWorker.java:96)
	at org.testng.TestNG.runSuitesSequentially(TestNG.java:1187)
	at org.testng.TestNG.runSuitesLocally(TestNG.java:1109)
	at org.testng.TestNG.runSuites(TestNG.java:1039)
	at org.testng.TestNG.run(TestNG.java:1007)
	at org.apache.maven.surefire.testng.TestNGExecutor.run(TestNGExecutor.java:77)
	at org.apache.maven.surefire.testng.TestNGDirectoryTestSuite.executeMulti(TestNGDirectoryTestSuite.java:159)
	at org.apache.maven.surefire.testng.TestNGDirectoryTestSuite.execute(TestNGDirectoryTestSuite.java:99)
	at org.apache.maven.surefire.testng.TestNGProvider.invoke(TestNGProvider.java:106)
	at sun.reflect.NativeMethodAccessorImpl.invoke0(Native Method)
	at sun.reflect.NativeMethodAccessorImpl.invoke(NativeMethodAccessorImpl.java:62)
	at sun.reflect.DelegatingMethodAccessorImpl.invoke(DelegatingMethodAccessorImpl.java:43)
	at java.lang.reflect.Method.invoke(Method.java:498)
	at org.apache.maven.surefire.util.ReflectionUtils.invokeMethodWithArray(ReflectionUtils.java:189)
	at org.apache.maven.surefire.booter.ProviderFactory$ProviderProxy.invoke(ProviderFactory.java:165)
	at org.apache.maven.surefire.booter.ProviderFactory.invokeProvider(ProviderFactory.java:85)
	at org.apache.maven.surefire.booter.ForkedBooter.runSuitesInProcess(ForkedBooter.java:115)
	at org.apache.maven.surefire.booter.ForkedBooter.main(ForkedBooter.java:75)
</failure>
    <system-out>Configuring TestNG with: org.apache.maven.surefire.testng.conf.TestNG652Configurator@49e4cb85
</system-out>
  </testcase>
  <testcase classname="tests.ios.AppiumiOSTest" name="setupGlobal" time="0.442">
    <skipped/>
  </testcase>
  <testcase classname="tests.ios.AppiumiOSTest" name="verify_app_flow_page" time="0">
    <skipped/>
  </testcase>
  <testcase classname="tests.ios.AppiumiOSTest" name="cleanUpGlobal" time="0">
    <skipped/>
  </testcase>
  <testcase classname="tests.ios.AppiumiOSTest" name="setupGlobal" time="0.001">
    <skipped/>
  </testcase>
  <testcase classname="tests.ios.AppiumiOSTest" name="verify_capture_name_page" time="0">
    <skipped/>
  </testcase>
  <testcase classname="tests.ios.AppiumiOSTest" name="cleanUpGlobal" time="0.001">
    <skipped/>
  </testcase>
  <testcase classname="tests.ios.AppiumiOSTest" name="setupGlobal" time="0.001">
    <skipped/>
  </testcase>
  <testcase classname="tests.ios.AppiumiOSTest" name="verify_capture_phone_page" time="0">
    <skipped/>
  </testcase>
  <testcase classname="tests.ios.AppiumiOSTest" name="cleanUpGlobal" time="0">
    <skipped/>
  </testcase>
  <testcase classname="tests.ios.AppiumiOSTest" name="setupGlobal" time="0.001">
    <skipped/>
  </testcase>
  <testcase classname="tests.ios.AppiumiOSTest" name="verify_eligbility_page" time="0">
    <skipped/>
  </testcase>
  <testcase classname="tests.ios.AppiumiOSTest" name="cleanUpGlobal" time="0">
    <skipped/>
  </testcase>
  <testcase classname="tests.ios.AppiumiOSTest" name="setupGlobal" time="0">
    <skipped/>
  </testcase>
  <testcase classname="tests.ios.AppiumiOSTest" name="verify_launching_page" time="0">
    <skipped/>
  </testcase>
  <testcase classname="tests.ios.AppiumiOSTest" name="cleanUpGlobal" time="0.001">
    <skipped/>
  </testcase>
  <testcase classname="tests.ios.AppiumiOSTest" name="setupGlobal" time="0.001">
    <skipped/>
  </testcase>
  <testcase classname="tests.ios.AppiumiOSTest" name="verify_product_carousel_page" time="0">
    <skipped/>
  </testcase>
  <testcase classname="tests.ios.AppiumiOSTest" name="cleanUpGlobal" time="0">
    <skipped/>
  </testcase>
  <testcase classname="tests.ios.AppiumiOSTest" name="setupGlobal" time="0.001">
    <skipped/>
  </testcase>
  <testcase classname="tests.ios.AppiumiOSTest" name="verify_product_eligibility_modal" time="0">
    <skipped/>
  </testcase>
  <testcase classname="tests.ios.AppiumiOSTest" name="cleanUpGlobal" time="0">
    <skipped/>
  </testcase>
  <testcase classname="tests.ios.AppiumiOSTest" name="setupGlobal" time="0">
    <skipped/>
  </testcase>
  <testcase classname="tests.ios.AppiumiOSTest" name="verify_terms_conditions_page" time="0">
    <skipped/>
  </testcase>
  <testcase classname="tests.ios.AppiumiOSTest" name="cleanUpGlobal" time="0.001">
    <skipped/>
  </testcase>
  <testcase classname="tests.ios.AppiumiOSTest" name="cleanUpClassGlobal" time="0.001">
    <skipped/>
  </testcase>
</testsuite>